2025-08-31 16:41:05 [restartedMain] INFO  c.b.j.JavaassignmentApplication - Starting JavaassignmentApplication using Java 21.0.8 with PID 38323 (/home/vboxuser/Desktop/be_assignment/javaassignment/target/classes started by vboxuser in /home/vboxuser/Desktop/be_assignment/javaassignment)
2025-08-31 16:41:05 [restartedMain] INFO  c.b.j.JavaassignmentApplication - No active profile set, falling back to 1 default profile: "default"
2025-08-31 16:41:05 [restartedMain] INFO  o.s.b.d.e.DevToolsPropertyDefaultsPostProcessor - Devtools property defaults active! Set 'spring.devtools.add-properties' to 'false' to disable
2025-08-31 16:41:05 [restartedMain] INFO  o.s.b.d.e.DevToolsPropertyDefaultsPostProcessor - For additional web related logging consider setting the 'logging.level.web' property to 'DEBUG'
2025-08-31 16:41:06 [restartedMain] INFO  o.s.d.r.c.RepositoryConfigurationDelegate - Bootstrapping Spring Data JPA repositories in DEFAULT mode.
2025-08-31 16:41:06 [restartedMain] INFO  o.s.d.r.c.RepositoryConfigurationDelegate - Finished Spring Data repository scanning in 76 ms. Found 2 JPA repository interfaces.
2025-08-31 16:41:07 [restartedMain] INFO  o.s.b.w.e.tomcat.TomcatWebServer - Tomcat initialized with port 8080 (http)
2025-08-31 16:41:07 [restartedMain] INFO  o.a.coyote.http11.Http11NioProtocol - Initializing ProtocolHandler ["http-nio-8080"]
2025-08-31 16:41:07 [restartedMain] INFO  o.a.catalina.core.StandardService - Starting service [Tomcat]
2025-08-31 16:41:07 [restartedMain] INFO  o.a.catalina.core.StandardEngine - Starting Servlet engine: [Apache Tomcat/10.1.44]
2025-08-31 16:41:07 [restartedMain] INFO  o.a.c.c.C.[Tomcat].[localhost].[/] - Initializing Spring embedded WebApplicationContext
2025-08-31 16:41:07 [restartedMain] INFO  o.s.b.w.s.c.ServletWebServerApplicationContext - Root WebApplicationContext: initialization completed in 2433 ms
2025-08-31 16:41:08 [restartedMain] INFO  o.h.jpa.internal.util.LogHelper - HHH000204: Processing PersistenceUnitInfo [name: default]
2025-08-31 16:41:08 [restartedMain] INFO  org.hibernate.Version - HHH000412: Hibernate ORM core version 6.6.26.Final
2025-08-31 16:41:08 [restartedMain] INFO  o.h.c.i.RegionFactoryInitiator - HHH000026: Second-level cache disabled
2025-08-31 16:41:08 [restartedMain] INFO  o.s.o.j.p.SpringPersistenceUnitInfo - No LoadTimeWeaver setup: ignoring JPA class transformer
2025-08-31 16:41:08 [restartedMain] INFO  com.zaxxer.hikari.HikariDataSource - HikariPool-1 - Starting...
2025-08-31 16:41:09 [restartedMain] INFO  com.zaxxer.hikari.pool.HikariPool - HikariPool-1 - Added connection org.postgresql.jdbc.PgConnection@3296df82
2025-08-31 16:41:09 [restartedMain] INFO  com.zaxxer.hikari.HikariDataSource - HikariPool-1 - Start completed.
2025-08-31 16:41:09 [restartedMain] WARN  org.hibernate.orm.deprecation - HHH90000025: PostgreSQLDialect does not need to be specified explicitly using 'hibernate.dialect' (remove the property setting and it will be selected by default)
2025-08-31 16:41:09 [restartedMain] INFO  o.hibernate.orm.connections.pooling - HHH10001005: Database info:
	Database JDBC URL [Connecting through datasource 'HikariDataSource (HikariPool-1)']
	Database driver: undefined/unknown
	Database version: 16.9
	Autocommit mode: undefined/unknown
	Isolation level: undefined/unknown
	Minimum pool size: undefined/unknown
	Maximum pool size: undefined/unknown
2025-08-31 16:41:10 [restartedMain] INFO  o.h.e.t.j.p.i.JtaPlatformInitiator - HHH000489: No JTA platform available (set 'hibernate.transaction.jta.platform' to enable JTA platform integration)
2025-08-31 16:41:11 [restartedMain] INFO  o.s.o.j.LocalContainerEntityManagerFactoryBean - Initialized JPA EntityManagerFactory for persistence unit 'default'
2025-08-31 16:41:11 [restartedMain] WARN  o.s.b.a.o.j.JpaBaseConfiguration$JpaWebConfiguration - spring.jpa.open-in-view is enabled by default. Therefore, database queries may be performed during view rendering. Explicitly configure spring.jpa.open-in-view to disable this warning
2025-08-31 16:41:12 [restartedMain] INFO  o.s.b.d.a.OptionalLiveReloadServer - LiveReload server is running on port 35729
2025-08-31 16:41:12 [restartedMain] INFO  o.a.coyote.http11.Http11NioProtocol - Starting ProtocolHandler ["http-nio-8080"]
2025-08-31 16:41:12 [restartedMain] INFO  o.s.b.w.e.tomcat.TomcatWebServer - Tomcat started on port 8080 (http) with context path '/'
2025-08-31 16:41:12 [restartedMain] INFO  c.b.j.JavaassignmentApplication - Started JavaassignmentApplication in 7.881 seconds (process running for 8.826)
2025-08-31 16:42:05 [http-nio-8080-exec-2] INFO  o.a.c.c.C.[Tomcat].[localhost].[/] - Initializing Spring DispatcherServlet 'dispatcherServlet'
2025-08-31 16:42:05 [http-nio-8080-exec-2] INFO  o.s.web.servlet.DispatcherServlet - Initializing Servlet 'dispatcherServlet'
2025-08-31 16:42:05 [http-nio-8080-exec-2] INFO  o.s.web.servlet.DispatcherServlet - Completed initialization in 1 ms
2025-08-31 16:42:05 [http-nio-8080-exec-2] INFO  c.b.j.c.SubscriptionController - Received GET request for all subscriptions
2025-08-31 16:42:05 [http-nio-8080-exec-2] INFO  c.b.j.service.SubscriptionService - Fetching subscriptions from data base
2025-08-31 16:43:02 [http-nio-8080-exec-3] INFO  c.b.j.c.SubscriptionController - Received POST request for adding subscription for airport: ALMG
2025-08-31 16:43:02 [http-nio-8080-exec-3] INFO  c.b.j.service.SubscriptionService - Adding subscription for airport: ALMG
2025-08-31 16:43:02 [http-nio-8080-exec-3] WARN  c.b.j.service.SubscriptionService - Subscription already exists for airport: ALMG
2025-08-31 16:43:02 [http-nio-8080-exec-3] ERROR o.a.c.c.C.[.[.[.[dispatcherServlet] - Servlet.service() for servlet [dispatcherServlet] in context with path [] threw exception [Request processing failed: java.lang.IllegalArgumentException: Subscription for airport ALMGalready exists.] with root cause
java.lang.IllegalArgumentException: Subscription for airport ALMGalready exists.
	at com.be.javaassignment.service.SubscriptionService.lambda$addSubscription$0(SubscriptionService.java:25)
	at java.base/java.util.Optional.ifPresent(Optional.java:178)
	at com.be.javaassignment.service.SubscriptionService.addSubscription(SubscriptionService.java:23)
	at com.be.javaassignment.controller.SubscriptionController.addSubscription(SubscriptionController.java:29)
	at java.base/jdk.internal.reflect.DirectMethodHandleAccessor.invoke(DirectMethodHandleAccessor.java:103)
	at java.base/java.lang.reflect.Method.invoke(Method.java:580)
	at org.springframework.web.method.support.InvocableHandlerMethod.doInvoke(InvocableHandlerMethod.java:258)
	at org.springframework.web.method.support.InvocableHandlerMethod.invokeForRequest(InvocableHandlerMethod.java:191)
	at org.springframework.web.servlet.mvc.method.annotation.ServletInvocableHandlerMethod.invokeAndHandle(ServletInvocableHandlerMethod.java:118)
	at org.springframework.web.servlet.mvc.method.annotation.RequestMappingHandlerAdapter.invokeHandlerMethod(RequestMappingHandlerAdapter.java:991)
	at org.springframework.web.servlet.mvc.method.annotation.RequestMappingHandlerAdapter.handleInternal(RequestMappingHandlerAdapter.java:896)
	at org.springframework.web.servlet.mvc.method.AbstractHandlerMethodAdapter.handle(AbstractHandlerMethodAdapter.java:87)
	at org.springframework.web.servlet.DispatcherServlet.doDispatch(DispatcherServlet.java:1089)
	at org.springframework.web.servlet.DispatcherServlet.doService(DispatcherServlet.java:979)
	at org.springframework.web.servlet.FrameworkServlet.processRequest(FrameworkServlet.java:1014)
	at org.springframework.web.servlet.FrameworkServlet.doPost(FrameworkServlet.java:914)
	at jakarta.servlet.http.HttpServlet.service(HttpServlet.java:590)
	at org.springframework.web.servlet.FrameworkServlet.service(FrameworkServlet.java:885)
	at jakarta.servlet.http.HttpServlet.service(HttpServlet.java:658)
	at org.apache.catalina.core.ApplicationFilterChain.internalDoFilter(ApplicationFilterChain.java:195)
	at org.apache.catalina.core.ApplicationFilterChain.doFilter(ApplicationFilterChain.java:140)
	at org.apache.tomcat.websocket.server.WsFilter.doFilter(WsFilter.java:51)
	at org.apache.catalina.core.ApplicationFilterChain.internalDoFilter(ApplicationFilterChain.java:164)
	at org.apache.catalina.core.ApplicationFilterChain.doFilter(ApplicationFilterChain.java:140)
	at org.springframework.web.filter.RequestContextFilter.doFilterInternal(RequestContextFilter.java:100)
	at org.springframework.web.filter.OncePerRequestFilter.doFilter(OncePerRequestFilter.java:116)
	at org.apache.catalina.core.ApplicationFilterChain.internalDoFilter(ApplicationFilterChain.java:164)
	at org.apache.catalina.core.ApplicationFilterChain.doFilter(ApplicationFilterChain.java:140)
	at org.springframework.web.filter.FormContentFilter.doFilterInternal(FormContentFilter.java:93)
	at org.springframework.web.filter.OncePerRequestFilter.doFilter(OncePerRequestFilter.java:116)
	at org.apache.catalina.core.ApplicationFilterChain.internalDoFilter(ApplicationFilterChain.java:164)
	at org.apache.catalina.core.ApplicationFilterChain.doFilter(ApplicationFilterChain.java:140)
	at org.springframework.web.filter.CharacterEncodingFilter.doFilterInternal(CharacterEncodingFilter.java:201)
	at org.springframework.web.filter.OncePerRequestFilter.doFilter(OncePerRequestFilter.java:116)
	at org.apache.catalina.core.ApplicationFilterChain.internalDoFilter(ApplicationFilterChain.java:164)
	at org.apache.catalina.core.ApplicationFilterChain.doFilter(ApplicationFilterChain.java:140)
	at org.apache.catalina.core.StandardWrapperValve.invoke(StandardWrapperValve.java:167)
	at org.apache.catalina.core.StandardContextValve.invoke(StandardContextValve.java:90)
	at org.apache.catalina.authenticator.AuthenticatorBase.invoke(AuthenticatorBase.java:483)
	at org.apache.catalina.core.StandardHostValve.invoke(StandardHostValve.java:116)
	at org.apache.catalina.valves.ErrorReportValve.invoke(ErrorReportValve.java:93)
	at org.apache.catalina.core.StandardEngineValve.invoke(StandardEngineValve.java:74)
	at org.apache.catalina.connector.CoyoteAdapter.service(CoyoteAdapter.java:344)
	at org.apache.coyote.http11.Http11Processor.service(Http11Processor.java:398)
	at org.apache.coyote.AbstractProcessorLight.process(AbstractProcessorLight.java:63)
	at org.apache.coyote.AbstractProtocol$ConnectionHandler.process(AbstractProtocol.java:903)
	at org.apache.tomcat.util.net.NioEndpoint$SocketProcessor.doRun(NioEndpoint.java:1769)
	at org.apache.tomcat.util.net.SocketProcessorBase.run(SocketProcessorBase.java:52)
	at org.apache.tomcat.util.threads.ThreadPoolExecutor.runWorker(ThreadPoolExecutor.java:1189)
	at org.apache.tomcat.util.threads.ThreadPoolExecutor$Worker.run(ThreadPoolExecutor.java:658)
	at org.apache.tomcat.util.threads.TaskThread$WrappingRunnable.run(TaskThread.java:63)
	at java.base/java.lang.Thread.run(Thread.java:1583)
2025-08-31 16:43:45 [http-nio-8080-exec-4] INFO  c.b.j.c.SubscriptionController - Received GET request for all subscriptions
2025-08-31 16:43:45 [http-nio-8080-exec-4] INFO  c.b.j.service.SubscriptionService - Fetching subscriptions from data base
2025-08-31 16:43:47 [http-nio-8080-exec-6] INFO  c.b.j.controller.MetarController - Received POST request to store METAR data for airport: LDZA
2025-08-31 16:43:47 [http-nio-8080-exec-6] INFO  c.b.j.service.MetarService - Saving METAR data for airport: LDZA
2025-08-31 16:43:47 [http-nio-8080-exec-6] INFO  c.b.j.service.MetarService - Saved METAR data for airport: LDZA
2025-08-31 16:43:49 [http-nio-8080-exec-8] INFO  c.b.j.controller.MetarController - Received POST request to store METAR data for airport: AGGL
2025-08-31 16:43:49 [http-nio-8080-exec-8] INFO  c.b.j.service.MetarService - Saving METAR data for airport: AGGL
2025-08-31 16:43:49 [http-nio-8080-exec-8] INFO  c.b.j.service.MetarService - Saved METAR data for airport: AGGL
2025-08-31 16:43:50 [http-nio-8080-exec-9] INFO  c.b.j.controller.MetarController - Received POST request to store METAR data for airport: ALNH
2025-08-31 16:43:50 [http-nio-8080-exec-9] INFO  c.b.j.service.MetarService - Saving METAR data for airport: ALNH
2025-08-31 16:43:50 [http-nio-8080-exec-9] INFO  c.b.j.service.MetarService - Saved METAR data for airport: ALNH
2025-08-31 16:43:51 [http-nio-8080-exec-10] INFO  c.b.j.controller.MetarController - Received POST request to store METAR data for airport: ALMG
2025-08-31 16:43:51 [http-nio-8080-exec-10] INFO  c.b.j.service.MetarService - Saving METAR data for airport: ALMG
2025-08-31 16:43:51 [http-nio-8080-exec-10] INFO  c.b.j.service.MetarService - Saved METAR data for airport: ALMG
2025-08-31 16:51:17 [SpringApplicationShutdownHook] INFO  o.s.b.w.e.tomcat.GracefulShutdown - Commencing graceful shutdown. Waiting for active requests to complete
2025-08-31 16:51:17 [tomcat-shutdown] INFO  o.s.b.w.e.tomcat.GracefulShutdown - Graceful shutdown complete
2025-08-31 16:51:17 [SpringApplicationShutdownHook] INFO  o.s.o.j.LocalContainerEntityManagerFactoryBean - Closing JPA EntityManagerFactory for persistence unit 'default'
2025-08-31 16:51:17 [SpringApplicationShutdownHook] INFO  com.zaxxer.hikari.HikariDataSource - HikariPool-1 - Shutdown initiated...
2025-08-31 16:51:17 [SpringApplicationShutdownHook] INFO  com.zaxxer.hikari.HikariDataSource - HikariPool-1 - Shutdown completed.
2025-08-31 16:51:22 [restartedMain] INFO  c.b.j.JavaassignmentApplication - Starting JavaassignmentApplication using Java 21.0.8 with PID 39224 (/home/vboxuser/Desktop/be_assignment/javaassignment/target/classes started by vboxuser in /home/vboxuser/Desktop/be_assignment/javaassignment)
2025-08-31 16:51:22 [restartedMain] INFO  c.b.j.JavaassignmentApplication - No active profile set, falling back to 1 default profile: "default"
2025-08-31 16:51:22 [restartedMain] INFO  o.s.b.d.e.DevToolsPropertyDefaultsPostProcessor - Devtools property defaults active! Set 'spring.devtools.add-properties' to 'false' to disable
2025-08-31 16:51:22 [restartedMain] INFO  o.s.b.d.e.DevToolsPropertyDefaultsPostProcessor - For additional web related logging consider setting the 'logging.level.web' property to 'DEBUG'
2025-08-31 16:51:23 [restartedMain] INFO  o.s.d.r.c.RepositoryConfigurationDelegate - Bootstrapping Spring Data JPA repositories in DEFAULT mode.
2025-08-31 16:51:23 [restartedMain] INFO  o.s.d.r.c.RepositoryConfigurationDelegate - Finished Spring Data repository scanning in 75 ms. Found 2 JPA repository interfaces.
2025-08-31 16:51:24 [restartedMain] INFO  o.s.b.w.e.tomcat.TomcatWebServer - Tomcat initialized with port 8080 (http)
2025-08-31 16:51:24 [restartedMain] INFO  o.a.coyote.http11.Http11NioProtocol - Initializing ProtocolHandler ["http-nio-8080"]
2025-08-31 16:51:24 [restartedMain] INFO  o.a.catalina.core.StandardService - Starting service [Tomcat]
2025-08-31 16:51:24 [restartedMain] INFO  o.a.catalina.core.StandardEngine - Starting Servlet engine: [Apache Tomcat/10.1.44]
2025-08-31 16:51:24 [restartedMain] INFO  o.a.c.c.C.[Tomcat].[localhost].[/] - Initializing Spring embedded WebApplicationContext
2025-08-31 16:51:24 [restartedMain] INFO  o.s.b.w.s.c.ServletWebServerApplicationContext - Root WebApplicationContext: initialization completed in 1937 ms
2025-08-31 16:51:24 [restartedMain] INFO  o.h.jpa.internal.util.LogHelper - HHH000204: Processing PersistenceUnitInfo [name: default]
2025-08-31 16:51:24 [restartedMain] INFO  org.hibernate.Version - HHH000412: Hibernate ORM core version 6.6.26.Final
2025-08-31 16:51:24 [restartedMain] INFO  o.h.c.i.RegionFactoryInitiator - HHH000026: Second-level cache disabled
2025-08-31 16:51:24 [restartedMain] INFO  o.s.o.j.p.SpringPersistenceUnitInfo - No LoadTimeWeaver setup: ignoring JPA class transformer
2025-08-31 16:51:25 [restartedMain] INFO  com.zaxxer.hikari.HikariDataSource - HikariPool-1 - Starting...
2025-08-31 16:51:25 [restartedMain] INFO  com.zaxxer.hikari.pool.HikariPool - HikariPool-1 - Added connection org.postgresql.jdbc.PgConnection@2770ae58
2025-08-31 16:51:25 [restartedMain] INFO  com.zaxxer.hikari.HikariDataSource - HikariPool-1 - Start completed.
2025-08-31 16:51:25 [restartedMain] WARN  org.hibernate.orm.deprecation - HHH90000025: PostgreSQLDialect does not need to be specified explicitly using 'hibernate.dialect' (remove the property setting and it will be selected by default)
2025-08-31 16:51:25 [restartedMain] INFO  o.hibernate.orm.connections.pooling - HHH10001005: Database info:
	Database JDBC URL [Connecting through datasource 'HikariDataSource (HikariPool-1)']
	Database driver: undefined/unknown
	Database version: 16.9
	Autocommit mode: undefined/unknown
	Isolation level: undefined/unknown
	Minimum pool size: undefined/unknown
	Maximum pool size: undefined/unknown
2025-08-31 16:51:26 [restartedMain] INFO  o.h.e.t.j.p.i.JtaPlatformInitiator - HHH000489: No JTA platform available (set 'hibernate.transaction.jta.platform' to enable JTA platform integration)
2025-08-31 16:51:26 [restartedMain] INFO  o.s.o.j.LocalContainerEntityManagerFactoryBean - Initialized JPA EntityManagerFactory for persistence unit 'default'
2025-08-31 16:51:27 [restartedMain] WARN  o.s.b.a.o.j.JpaBaseConfiguration$JpaWebConfiguration - spring.jpa.open-in-view is enabled by default. Therefore, database queries may be performed during view rendering. Explicitly configure spring.jpa.open-in-view to disable this warning
2025-08-31 16:51:27 [restartedMain] INFO  o.s.b.d.a.OptionalLiveReloadServer - LiveReload server is running on port 35729
2025-08-31 16:51:27 [restartedMain] INFO  o.a.coyote.http11.Http11NioProtocol - Starting ProtocolHandler ["http-nio-8080"]
2025-08-31 16:51:27 [restartedMain] INFO  o.s.b.w.e.tomcat.TomcatWebServer - Tomcat started on port 8080 (http) with context path '/'
2025-08-31 16:51:27 [restartedMain] INFO  c.b.j.JavaassignmentApplication - Started JavaassignmentApplication in 6.111 seconds (process running for 6.813)
2025-08-31 16:51:32 [http-nio-8080-exec-1] INFO  o.a.c.c.C.[Tomcat].[localhost].[/] - Initializing Spring DispatcherServlet 'dispatcherServlet'
2025-08-31 16:51:32 [http-nio-8080-exec-1] INFO  o.s.web.servlet.DispatcherServlet - Initializing Servlet 'dispatcherServlet'
2025-08-31 16:51:32 [http-nio-8080-exec-1] INFO  o.s.web.servlet.DispatcherServlet - Completed initialization in 2 ms
2025-08-31 16:51:32 [http-nio-8080-exec-1] INFO  c.b.j.c.SubscriptionController - Received GET request for all subscriptions
2025-08-31 16:51:32 [http-nio-8080-exec-1] INFO  c.b.j.s.SubscriptionServiceImpl - Fetching subscriptions from data base
2025-08-31 16:51:34 [http-nio-8080-exec-2] INFO  c.b.j.controller.MetarController - Received POST request to store METAR data for airport: LDZA
2025-08-31 16:51:34 [http-nio-8080-exec-2] INFO  c.b.j.service.MetarServiceImpl - Saving METAR data for airport: LDZA
2025-08-31 16:51:34 [http-nio-8080-exec-2] INFO  c.b.j.service.MetarServiceImpl - Saved METAR data for airport: LDZA
2025-08-31 16:51:35 [http-nio-8080-exec-4] INFO  c.b.j.controller.MetarController - Received POST request to store METAR data for airport: AGGL
2025-08-31 16:51:35 [http-nio-8080-exec-4] INFO  c.b.j.service.MetarServiceImpl - Saving METAR data for airport: AGGL
2025-08-31 16:51:35 [http-nio-8080-exec-4] INFO  c.b.j.service.MetarServiceImpl - Saved METAR data for airport: AGGL
2025-08-31 16:51:36 [http-nio-8080-exec-6] INFO  c.b.j.controller.MetarController - Received POST request to store METAR data for airport: ALNH
2025-08-31 16:51:36 [http-nio-8080-exec-6] INFO  c.b.j.service.MetarServiceImpl - Saving METAR data for airport: ALNH
2025-08-31 16:51:36 [http-nio-8080-exec-6] INFO  c.b.j.service.MetarServiceImpl - Saved METAR data for airport: ALNH
2025-08-31 16:51:37 [http-nio-8080-exec-7] INFO  c.b.j.controller.MetarController - Received POST request to store METAR data for airport: ALMG
2025-08-31 16:51:37 [http-nio-8080-exec-7] INFO  c.b.j.service.MetarServiceImpl - Saving METAR data for airport: ALMG
2025-08-31 16:51:37 [http-nio-8080-exec-7] INFO  c.b.j.service.MetarServiceImpl - Saved METAR data for airport: ALMG
2025-08-31 16:51:54 [http-nio-8080-exec-9] INFO  c.b.j.c.SubscriptionController - Received GET request for all subscriptions
2025-08-31 16:51:54 [http-nio-8080-exec-9] INFO  c.b.j.s.SubscriptionServiceImpl - Fetching subscriptions from data base
2025-08-31 16:51:55 [http-nio-8080-exec-1] INFO  c.b.j.controller.MetarController - Received POST request to store METAR data for airport: LDZA
2025-08-31 16:51:55 [http-nio-8080-exec-1] INFO  c.b.j.service.MetarServiceImpl - Saving METAR data for airport: LDZA
2025-08-31 16:51:55 [http-nio-8080-exec-1] INFO  c.b.j.service.MetarServiceImpl - Saved METAR data for airport: LDZA
2025-08-31 16:51:57 [http-nio-8080-exec-3] INFO  c.b.j.controller.MetarController - Received POST request to store METAR data for airport: AGGL
2025-08-31 16:51:57 [http-nio-8080-exec-3] INFO  c.b.j.service.MetarServiceImpl - Saving METAR data for airport: AGGL
2025-08-31 16:51:57 [http-nio-8080-exec-3] INFO  c.b.j.service.MetarServiceImpl - Saved METAR data for airport: AGGL
2025-08-31 16:51:57 [http-nio-8080-exec-5] INFO  c.b.j.controller.MetarController - Received POST request to store METAR data for airport: ALNH
2025-08-31 16:51:57 [http-nio-8080-exec-5] INFO  c.b.j.service.MetarServiceImpl - Saving METAR data for airport: ALNH
2025-08-31 16:51:57 [http-nio-8080-exec-5] INFO  c.b.j.service.MetarServiceImpl - Saved METAR data for airport: ALNH
2025-08-31 16:51:58 [http-nio-8080-exec-7] INFO  c.b.j.controller.MetarController - Received POST request to store METAR data for airport: ALMG
2025-08-31 16:51:58 [http-nio-8080-exec-7] INFO  c.b.j.service.MetarServiceImpl - Saving METAR data for airport: ALMG
2025-08-31 16:51:58 [http-nio-8080-exec-7] INFO  c.b.j.service.MetarServiceImpl - Saved METAR data for airport: ALMG
2025-08-31 16:54:44 [SpringApplicationShutdownHook] INFO  o.s.b.w.e.tomcat.GracefulShutdown - Commencing graceful shutdown. Waiting for active requests to complete
2025-08-31 16:54:44 [tomcat-shutdown] INFO  o.s.b.w.e.tomcat.GracefulShutdown - Graceful shutdown complete
2025-08-31 16:54:44 [SpringApplicationShutdownHook] INFO  o.s.o.j.LocalContainerEntityManagerFactoryBean - Closing JPA EntityManagerFactory for persistence unit 'default'
2025-08-31 16:54:44 [SpringApplicationShutdownHook] INFO  com.zaxxer.hikari.HikariDataSource - HikariPool-1 - Shutdown initiated...
2025-08-31 16:54:44 [SpringApplicationShutdownHook] INFO  com.zaxxer.hikari.HikariDataSource - HikariPool-1 - Shutdown completed.
2025-08-31 16:54:49 [restartedMain] INFO  c.b.j.JavaassignmentApplication - Starting JavaassignmentApplication using Java 21.0.8 with PID 39693 (/home/vboxuser/Desktop/be_assignment/javaassignment/target/classes started by vboxuser in /home/vboxuser/Desktop/be_assignment/javaassignment)
2025-08-31 16:54:49 [restartedMain] INFO  c.b.j.JavaassignmentApplication - No active profile set, falling back to 1 default profile: "default"
2025-08-31 16:54:49 [restartedMain] INFO  o.s.b.d.e.DevToolsPropertyDefaultsPostProcessor - Devtools property defaults active! Set 'spring.devtools.add-properties' to 'false' to disable
2025-08-31 16:54:49 [restartedMain] INFO  o.s.b.d.e.DevToolsPropertyDefaultsPostProcessor - For additional web related logging consider setting the 'logging.level.web' property to 'DEBUG'
2025-08-31 16:54:50 [restartedMain] INFO  o.s.d.r.c.RepositoryConfigurationDelegate - Bootstrapping Spring Data JPA repositories in DEFAULT mode.
2025-08-31 16:54:50 [restartedMain] INFO  o.s.d.r.c.RepositoryConfigurationDelegate - Finished Spring Data repository scanning in 88 ms. Found 2 JPA repository interfaces.
2025-08-31 16:54:51 [restartedMain] INFO  o.s.b.w.e.tomcat.TomcatWebServer - Tomcat initialized with port 8080 (http)
2025-08-31 16:54:51 [restartedMain] INFO  o.a.coyote.http11.Http11NioProtocol - Initializing ProtocolHandler ["http-nio-8080"]
2025-08-31 16:54:51 [restartedMain] INFO  o.a.catalina.core.StandardService - Starting service [Tomcat]
2025-08-31 16:54:51 [restartedMain] INFO  o.a.catalina.core.StandardEngine - Starting Servlet engine: [Apache Tomcat/10.1.44]
2025-08-31 16:54:51 [restartedMain] INFO  o.a.c.c.C.[Tomcat].[localhost].[/] - Initializing Spring embedded WebApplicationContext
2025-08-31 16:54:51 [restartedMain] INFO  o.s.b.w.s.c.ServletWebServerApplicationContext - Root WebApplicationContext: initialization completed in 1986 ms
2025-08-31 16:54:51 [restartedMain] INFO  o.h.jpa.internal.util.LogHelper - HHH000204: Processing PersistenceUnitInfo [name: default]
2025-08-31 16:54:51 [restartedMain] INFO  org.hibernate.Version - HHH000412: Hibernate ORM core version 6.6.26.Final
2025-08-31 16:54:51 [restartedMain] INFO  o.h.c.i.RegionFactoryInitiator - HHH000026: Second-level cache disabled
2025-08-31 16:54:51 [restartedMain] INFO  o.s.o.j.p.SpringPersistenceUnitInfo - No LoadTimeWeaver setup: ignoring JPA class transformer
2025-08-31 16:54:51 [restartedMain] INFO  com.zaxxer.hikari.HikariDataSource - HikariPool-1 - Starting...
2025-08-31 16:54:52 [restartedMain] INFO  com.zaxxer.hikari.pool.HikariPool - HikariPool-1 - Added connection org.postgresql.jdbc.PgConnection@e831ca
2025-08-31 16:54:52 [restartedMain] INFO  com.zaxxer.hikari.HikariDataSource - HikariPool-1 - Start completed.
2025-08-31 16:54:52 [restartedMain] WARN  org.hibernate.orm.deprecation - HHH90000025: PostgreSQLDialect does not need to be specified explicitly using 'hibernate.dialect' (remove the property setting and it will be selected by default)
2025-08-31 16:54:52 [restartedMain] INFO  o.hibernate.orm.connections.pooling - HHH10001005: Database info:
	Database JDBC URL [Connecting through datasource 'HikariDataSource (HikariPool-1)']
	Database driver: undefined/unknown
	Database version: 16.9
	Autocommit mode: undefined/unknown
	Isolation level: undefined/unknown
	Minimum pool size: undefined/unknown
	Maximum pool size: undefined/unknown
2025-08-31 16:54:53 [restartedMain] INFO  o.h.e.t.j.p.i.JtaPlatformInitiator - HHH000489: No JTA platform available (set 'hibernate.transaction.jta.platform' to enable JTA platform integration)
2025-08-31 16:54:53 [restartedMain] INFO  o.s.o.j.LocalContainerEntityManagerFactoryBean - Initialized JPA EntityManagerFactory for persistence unit 'default'
2025-08-31 16:54:53 [restartedMain] WARN  o.s.b.a.o.j.JpaBaseConfiguration$JpaWebConfiguration - spring.jpa.open-in-view is enabled by default. Therefore, database queries may be performed during view rendering. Explicitly configure spring.jpa.open-in-view to disable this warning
2025-08-31 16:54:54 [restartedMain] INFO  o.s.b.d.a.OptionalLiveReloadServer - LiveReload server is running on port 35729
2025-08-31 16:54:54 [restartedMain] INFO  o.a.coyote.http11.Http11NioProtocol - Starting ProtocolHandler ["http-nio-8080"]
2025-08-31 16:54:54 [restartedMain] INFO  o.s.b.w.e.tomcat.TomcatWebServer - Tomcat started on port 8080 (http) with context path '/'
2025-08-31 16:54:54 [restartedMain] INFO  c.b.j.JavaassignmentApplication - Started JavaassignmentApplication in 6.31 seconds (process running for 7.049)
2025-08-31 16:56:06 [http-nio-8080-exec-1] INFO  o.a.c.c.C.[Tomcat].[localhost].[/] - Initializing Spring DispatcherServlet 'dispatcherServlet'
2025-08-31 16:56:06 [http-nio-8080-exec-1] INFO  o.s.web.servlet.DispatcherServlet - Initializing Servlet 'dispatcherServlet'
2025-08-31 16:56:06 [http-nio-8080-exec-1] INFO  o.s.web.servlet.DispatcherServlet - Completed initialization in 2 ms
2025-08-31 16:56:06 [http-nio-8080-exec-1] INFO  c.b.j.c.SubscriptionController - Received GET request for all subscriptions
2025-08-31 16:56:06 [http-nio-8080-exec-1] INFO  c.b.j.s.SubscriptionServiceImpl - Fetching subscriptions from data base
2025-08-31 16:56:07 [http-nio-8080-exec-2] INFO  c.b.j.controller.MetarController - Received POST request to store METAR data for airport: LDZA
2025-08-31 16:56:07 [http-nio-8080-exec-2] INFO  c.b.j.service.MetarServiceImpl - Saving METAR data for airport: LDZA
2025-08-31 16:56:07 [http-nio-8080-exec-2] INFO  c.b.j.service.MetarServiceImpl - Saved METAR data for airport: LDZA
2025-08-31 16:56:09 [http-nio-8080-exec-4] INFO  c.b.j.controller.MetarController - Received POST request to store METAR data for airport: AGGL
2025-08-31 16:56:09 [http-nio-8080-exec-4] INFO  c.b.j.service.MetarServiceImpl - Saving METAR data for airport: AGGL
2025-08-31 16:56:09 [http-nio-8080-exec-4] INFO  c.b.j.service.MetarServiceImpl - Saved METAR data for airport: AGGL
2025-08-31 16:56:10 [http-nio-8080-exec-5] INFO  c.b.j.controller.MetarController - Received POST request to store METAR data for airport: ALNH
2025-08-31 16:56:10 [http-nio-8080-exec-5] INFO  c.b.j.service.MetarServiceImpl - Saving METAR data for airport: ALNH
2025-08-31 16:56:10 [http-nio-8080-exec-5] INFO  c.b.j.service.MetarServiceImpl - Saved METAR data for airport: ALNH
2025-08-31 16:56:10 [http-nio-8080-exec-6] INFO  c.b.j.controller.MetarController - Received POST request to store METAR data for airport: ALMG
2025-08-31 16:56:10 [http-nio-8080-exec-6] INFO  c.b.j.service.MetarServiceImpl - Saving METAR data for airport: ALMG
2025-08-31 16:56:10 [http-nio-8080-exec-6] INFO  c.b.j.service.MetarServiceImpl - Saved METAR data for airport: ALMG
2025-08-31 16:56:26 [http-nio-8080-exec-9] INFO  c.b.j.controller.MetarController - Received GET request for METAR data of airport: LDZA
2025-08-31 16:56:26 [http-nio-8080-exec-9] INFO  c.b.j.service.MetarServiceImpl - Fetching METAR data for airport: LDZA
2025-08-31 16:56:26 [http-nio-8080-exec-9] INFO  c.b.j.service.MetarServiceImpl - Metar data fetched for airport: LDZA
2025-08-31 16:56:48 [http-nio-8080-exec-10] INFO  c.b.j.c.SubscriptionController - Received GET request for all subscriptions
2025-08-31 16:56:48 [http-nio-8080-exec-10] INFO  c.b.j.s.SubscriptionServiceImpl - Fetching subscriptions from data base
2025-08-31 16:57:54 [SpringApplicationShutdownHook] INFO  o.s.b.w.e.tomcat.GracefulShutdown - Commencing graceful shutdown. Waiting for active requests to complete
2025-08-31 16:57:54 [tomcat-shutdown] INFO  o.s.b.w.e.tomcat.GracefulShutdown - Graceful shutdown complete
2025-08-31 16:57:54 [SpringApplicationShutdownHook] INFO  o.s.o.j.LocalContainerEntityManagerFactoryBean - Closing JPA EntityManagerFactory for persistence unit 'default'
2025-08-31 16:57:54 [SpringApplicationShutdownHook] INFO  com.zaxxer.hikari.HikariDataSource - HikariPool-1 - Shutdown initiated...
2025-08-31 16:57:54 [SpringApplicationShutdownHook] INFO  com.zaxxer.hikari.HikariDataSource - HikariPool-1 - Shutdown completed.
